  GameEngine.cpp
C:\Users\david\Documents\Visual Studio 2019\My Projects\comp345_project\comp345_project\GameEngine.cpp(152,22): warning C4018: '<': signed/unsigned mismatch
  GameObservers.cpp
C:\Users\david\Documents\Visual Studio 2019\My Projects\comp345_project\comp345_project\GameObservers.h(21,28): error C3646: 'currentphase': unknown override specifier
C:\Users\david\Documents\Visual Studio 2019\My Projects\comp345_project\comp345_project\GameObservers.h(21,28): error C4430: missing type specifier - int assumed. Note: C++ does not support default-int
C:\Users\david\Documents\Visual Studio 2019\My Projects\comp345_project\comp345_project\GameObservers.h(31,38): error C2061: syntax error: identifier 'string'
C:\Users\david\Documents\Visual Studio 2019\My Projects\comp345_project\comp345_project\GameObservers.h(32,24): error C3646: 'getPhase': unknown override specifier
C:\Users\david\Documents\Visual Studio 2019\My Projects\comp345_project\comp345_project\GameObservers.h(32,24): error C2059: syntax error: '('
C:\Users\david\Documents\Visual Studio 2019\My Projects\comp345_project\comp345_project\GameObservers.h(32,26): error C2238: unexpected token(s) preceding ';'
C:\Users\david\Documents\Visual Studio 2019\My Projects\comp345_project\comp345_project\GameObservers.cpp(25,36): error C2511: 'void Observable::setPhase(std::string)': overloaded member function not found in 'Observable'
C:\Users\david\Documents\Visual Studio 2019\My Projects\comp345_project\comp345_project\GameObservers.h(18): message : see declaration of 'Observable'
C:\Users\david\Documents\Visual Studio 2019\My Projects\comp345_project\comp345_project\GameObservers.cpp(26,5): error C2671: 'Observable::setPhase': static member functions do not have 'this' pointers
C:\Users\david\Documents\Visual Studio 2019\My Projects\comp345_project\comp345_project\GameObservers.cpp(28,20): error C2039: 'getPhase': is not a member of 'Observable'
C:\Users\david\Documents\Visual Studio 2019\My Projects\comp345_project\comp345_project\GameObservers.h(18): message : see declaration of 'Observable'
C:\Users\david\Documents\Visual Studio 2019\My Projects\comp345_project\comp345_project\GameObservers.cpp(29,12): error C2065: 'currentphase': undeclared identifier
C:\Users\david\Documents\Visual Studio 2019\My Projects\comp345_project\comp345_project\GameObservers.cpp(59,71): error C2039: 'getPhase': is not a member of 'Observable'
C:\Users\david\Documents\Visual Studio 2019\My Projects\comp345_project\comp345_project\GameObservers.h(18): message : see declaration of 'Observable'
  PlayerDriver.cpp
  Generating Code...
